[24-12-2023 00:18:33] INFO     [main.py:40 В драйвер загружена страница https://kaliningrad.leroymerlin.ru/catalogue/radiatory-otopleniya/]
[24-12-2023 00:19:03] INFO     [main.py:78 Найдено количество товаров: 30]
[24-12-2023 00:19:08] INFO     [main.py:31 Данные записаны в файл: количество строк - 30]
[24-12-2023 00:19:09] INFO     [main.py:72 Отработала пагинация номер 1]
[24-12-2023 00:19:12] INFO     [main.py:78 Найдено количество товаров: 30]
[24-12-2023 00:19:17] INFO     [main.py:31 Данные записаны в файл: количество строк - 30]
[24-12-2023 00:19:18] INFO     [main.py:72 Отработала пагинация номер 2]
[24-12-2023 00:19:28] INFO     [main.py:40 В драйвер загружена страница https://kaliningrad.leroymerlin.ru/catalogue/elektroinstrumenty/]
[24-12-2023 00:19:41] INFO     [main.py:78 Найдено количество товаров: 30]
[24-12-2023 00:19:46] INFO     [main.py:31 Данные записаны в файл: количество строк - 30]
[24-12-2023 00:19:47] INFO     [main.py:72 Отработала пагинация номер 1]
[24-12-2023 00:19:50] INFO     [main.py:78 Найдено количество товаров: 30]
[24-12-2023 00:19:54] INFO     [main.py:31 Данные записаны в файл: количество строк - 30]
[24-12-2023 00:19:55] INFO     [main.py:72 Отработала пагинация номер 2]
[24-12-2023 00:19:58] INFO     [main.py:78 Найдено количество товаров: 30]
[24-12-2023 00:20:02] INFO     [main.py:31 Данные записаны в файл: количество строк - 30]
[24-12-2023 00:20:02] INFO     [main.py:72 Отработала пагинация номер 3]
[24-12-2023 00:20:05] INFO     [main.py:78 Найдено количество товаров: 30]
[24-12-2023 00:20:09] INFO     [main.py:31 Данные записаны в файл: количество строк - 30]
[24-12-2023 00:20:10] INFO     [main.py:72 Отработала пагинация номер 4]
[24-12-2023 00:20:13] INFO     [main.py:78 Найдено количество товаров: 30]
[24-12-2023 00:20:17] INFO     [main.py:31 Данные записаны в файл: количество строк - 30]
[24-12-2023 00:20:18] INFO     [main.py:72 Отработала пагинация номер 5]
[24-12-2023 00:20:21] INFO     [main.py:78 Найдено количество товаров: 30]
[24-12-2023 00:20:25] INFO     [main.py:31 Данные записаны в файл: количество строк - 30]
[24-12-2023 00:20:25] INFO     [main.py:72 Отработала пагинация номер 6]
[24-12-2023 00:20:28] INFO     [main.py:78 Найдено количество товаров: 30]
[24-12-2023 00:20:32] INFO     [main.py:31 Данные записаны в файл: количество строк - 30]
[24-12-2023 00:20:33] INFO     [main.py:72 Отработала пагинация номер 7]
[24-12-2023 00:20:42] INFO     [main.py:40 В драйвер загружена страница https://kaliningrad.leroymerlin.ru/catalogue/suhie-smesi-i-gruntovki/]
[24-12-2023 00:21:11] INFO     [main.py:78 Найдено количество товаров: 30]
[24-12-2023 00:21:15] INFO     [main.py:31 Данные записаны в файл: количество строк - 30]
[24-12-2023 00:21:16] INFO     [main.py:72 Отработала пагинация номер 1]
[24-12-2023 00:21:19] INFO     [main.py:78 Найдено количество товаров: 30]
[24-12-2023 00:21:24] INFO     [main.py:31 Данные записаны в файл: количество строк - 30]
[24-12-2023 00:21:24] INFO     [main.py:72 Отработала пагинация номер 2]
[24-12-2023 00:21:27] INFO     [main.py:78 Найдено количество товаров: 30]
[24-12-2023 00:21:33] INFO     [main.py:31 Данные записаны в файл: количество строк - 30]
[24-12-2023 00:21:34] INFO     [main.py:72 Отработала пагинация номер 3]
[24-12-2023 00:21:37] INFO     [main.py:78 Найдено количество товаров: 30]
[24-12-2023 00:21:41] INFO     [main.py:31 Данные записаны в файл: количество строк - 30]
[24-12-2023 00:21:42] INFO     [main.py:72 Отработала пагинация номер 4]
[24-12-2023 00:21:45] INFO     [main.py:78 Найдено количество товаров: 30]
[24-12-2023 00:21:49] INFO     [main.py:31 Данные записаны в файл: количество строк - 30]
[24-12-2023 00:21:50] INFO     [main.py:72 Отработала пагинация номер 5]
